{"/home/shkrobadasha/frontend-project-46/src/index.js": {"path":"/home/shkrobadasha/frontend-project-46/src/index.js","all":false,"statementMap":{"0":{"start":{"line":1,"column":0},"end":{"line":1,"column":23}},"1":{"start":{"line":2,"column":0},"end":{"line":2,"column":37}},"2":{"start":{"line":3,"column":0},"end":{"line":3,"column":0}},"3":{"start":{"line":4,"column":0},"end":{"line":4,"column":37}},"4":{"start":{"line":5,"column":0},"end":{"line":5,"column":21}},"5":{"start":{"line":6,"column":0},"end":{"line":6,"column":25}},"6":{"start":{"line":7,"column":0},"end":{"line":7,"column":64}},"7":{"start":{"line":8,"column":0},"end":{"line":8,"column":47}},"8":{"start":{"line":9,"column":0},"end":{"line":9,"column":12}},"9":{"start":{"line":10,"column":0},"end":{"line":10,"column":45}},"10":{"start":{"line":11,"column":0},"end":{"line":11,"column":5}},"11":{"start":{"line":12,"column":0},"end":{"line":12,"column":5}},"12":{"start":{"line":13,"column":0},"end":{"line":13,"column":16}},"13":{"start":{"line":14,"column":0},"end":{"line":14,"column":16}},"14":{"start":{"line":15,"column":0},"end":{"line":15,"column":2}},"15":{"start":{"line":16,"column":0},"end":{"line":16,"column":0}},"16":{"start":{"line":17,"column":0},"end":{"line":17,"column":36}},"17":{"start":{"line":18,"column":0},"end":{"line":18,"column":32}},"18":{"start":{"line":19,"column":0},"end":{"line":19,"column":33}},"19":{"start":{"line":20,"column":0},"end":{"line":20,"column":0}},"20":{"start":{"line":21,"column":0},"end":{"line":21,"column":34}},"21":{"start":{"line":22,"column":0},"end":{"line":22,"column":34}},"22":{"start":{"line":23,"column":0},"end":{"line":23,"column":57}},"23":{"start":{"line":24,"column":0},"end":{"line":24,"column":0}},"24":{"start":{"line":25,"column":0},"end":{"line":25,"column":20}},"25":{"start":{"line":26,"column":0},"end":{"line":26,"column":25}},"26":{"start":{"line":27,"column":0},"end":{"line":27,"column":59}},"27":{"start":{"line":28,"column":0},"end":{"line":28,"column":41}},"28":{"start":{"line":29,"column":0},"end":{"line":29,"column":66}},"29":{"start":{"line":30,"column":0},"end":{"line":30,"column":41}},"30":{"start":{"line":31,"column":0},"end":{"line":31,"column":41}},"31":{"start":{"line":32,"column":0},"end":{"line":32,"column":37}},"32":{"start":{"line":33,"column":0},"end":{"line":33,"column":37}},"33":{"start":{"line":34,"column":0},"end":{"line":34,"column":12}},"34":{"start":{"line":35,"column":0},"end":{"line":35,"column":30}},"35":{"start":{"line":36,"column":0},"end":{"line":36,"column":5}},"36":{"start":{"line":37,"column":0},"end":{"line":37,"column":5}},"37":{"start":{"line":38,"column":0},"end":{"line":38,"column":0}},"38":{"start":{"line":39,"column":0},"end":{"line":39,"column":45}},"39":{"start":{"line":40,"column":0},"end":{"line":40,"column":30}},"40":{"start":{"line":41,"column":0},"end":{"line":41,"column":88}},"41":{"start":{"line":42,"column":0},"end":{"line":42,"column":88}},"42":{"start":{"line":43,"column":0},"end":{"line":43,"column":0}},"43":{"start":{"line":44,"column":0},"end":{"line":44,"column":24}},"44":{"start":{"line":45,"column":0},"end":{"line":45,"column":16}},"45":{"start":{"line":46,"column":0},"end":{"line":46,"column":5}},"46":{"start":{"line":47,"column":0},"end":{"line":47,"column":24}},"47":{"start":{"line":48,"column":0},"end":{"line":48,"column":15}},"48":{"start":{"line":49,"column":0},"end":{"line":49,"column":5}},"49":{"start":{"line":50,"column":0},"end":{"line":50,"column":13}},"50":{"start":{"line":51,"column":0},"end":{"line":51,"column":5}},"51":{"start":{"line":52,"column":0},"end":{"line":52,"column":0}},"52":{"start":{"line":53,"column":0},"end":{"line":53,"column":41}},"53":{"start":{"line":54,"column":0},"end":{"line":54,"column":2}},"54":{"start":{"line":55,"column":0},"end":{"line":55,"column":0}},"55":{"start":{"line":56,"column":0},"end":{"line":56,"column":23}}},"s":{"0":1,"1":1,"2":1,"3":1,"4":2,"5":2,"6":12,"7":1,"8":12,"9":11,"10":11,"11":2,"12":2,"13":2,"14":2,"15":1,"16":1,"17":2,"18":2,"19":2,"20":2,"21":2,"22":2,"23":2,"24":2,"25":2,"26":9,"27":2,"28":9,"29":3,"30":7,"31":3,"32":3,"33":4,"34":1,"35":1,"36":2,"37":2,"38":2,"39":2,"40":10,"41":10,"42":10,"43":10,"44":0,"45":0,"46":10,"47":7,"48":7,"49":3,"50":2,"51":2,"52":2,"53":2,"54":1,"55":1},"branchMap":{"0":{"type":"branch","line":4,"loc":{"start":{"line":4,"column":28},"end":{"line":15,"column":2}},"locations":[{"start":{"line":4,"column":28},"end":{"line":15,"column":2}}]},"1":{"type":"branch","line":6,"loc":{"start":{"line":6,"column":15},"end":{"line":12,"column":3}},"locations":[{"start":{"line":6,"column":15},"end":{"line":12,"column":3}}]},"2":{"type":"branch","line":7,"loc":{"start":{"line":7,"column":33},"end":{"line":7,"column":60}},"locations":[{"start":{"line":7,"column":33},"end":{"line":7,"column":60}}]},"3":{"type":"branch","line":7,"loc":{"start":{"line":7,"column":63},"end":{"line":9,"column":5}},"locations":[{"start":{"line":7,"column":63},"end":{"line":9,"column":5}}]},"4":{"type":"branch","line":9,"loc":{"start":{"line":9,"column":5},"end":{"line":11,"column":5}},"locations":[{"start":{"line":9,"column":5},"end":{"line":11,"column":5}}]},"5":{"type":"branch","line":17,"loc":{"start":{"line":17,"column":16},"end":{"line":54,"column":2}},"locations":[{"start":{"line":17,"column":16},"end":{"line":54,"column":2}}]},"6":{"type":"branch","line":26,"loc":{"start":{"line":26,"column":16},"end":{"line":37,"column":3}},"locations":[{"start":{"line":26,"column":16},"end":{"line":37,"column":3}}]},"7":{"type":"branch","line":27,"loc":{"start":{"line":27,"column":58},"end":{"line":29,"column":5}},"locations":[{"start":{"line":27,"column":58},"end":{"line":29,"column":5}}]},"8":{"type":"branch","line":29,"loc":{"start":{"line":29,"column":5},"end":{"line":36,"column":5}},"locations":[{"start":{"line":29,"column":5},"end":{"line":36,"column":5}}]},"9":{"type":"branch","line":29,"loc":{"start":{"line":29,"column":65},"end":{"line":31,"column":5}},"locations":[{"start":{"line":29,"column":65},"end":{"line":31,"column":5}}]},"10":{"type":"branch","line":31,"loc":{"start":{"line":31,"column":5},"end":{"line":36,"column":5}},"locations":[{"start":{"line":31,"column":5},"end":{"line":36,"column":5}}]},"11":{"type":"branch","line":31,"loc":{"start":{"line":31,"column":40},"end":{"line":34,"column":5}},"locations":[{"start":{"line":31,"column":40},"end":{"line":34,"column":5}}]},"12":{"type":"branch","line":34,"loc":{"start":{"line":34,"column":5},"end":{"line":36,"column":5}},"locations":[{"start":{"line":34,"column":5},"end":{"line":36,"column":5}}]},"13":{"type":"branch","line":40,"loc":{"start":{"line":40,"column":19},"end":{"line":51,"column":3}},"locations":[{"start":{"line":40,"column":19},"end":{"line":51,"column":3}}]},"14":{"type":"branch","line":41,"loc":{"start":{"line":41,"column":39},"end":{"line":41,"column":63}},"locations":[{"start":{"line":41,"column":39},"end":{"line":41,"column":63}}]},"15":{"type":"branch","line":41,"loc":{"start":{"line":41,"column":63},"end":{"line":41,"column":80}},"locations":[{"start":{"line":41,"column":63},"end":{"line":41,"column":80}}]},"16":{"type":"branch","line":41,"loc":{"start":{"line":41,"column":80},"end":{"line":41,"column":87}},"locations":[{"start":{"line":41,"column":80},"end":{"line":41,"column":87}}]},"17":{"type":"branch","line":42,"loc":{"start":{"line":42,"column":39},"end":{"line":42,"column":63}},"locations":[{"start":{"line":42,"column":39},"end":{"line":42,"column":63}}]},"18":{"type":"branch","line":42,"loc":{"start":{"line":42,"column":63},"end":{"line":42,"column":80}},"locations":[{"start":{"line":42,"column":63},"end":{"line":42,"column":80}}]},"19":{"type":"branch","line":42,"loc":{"start":{"line":42,"column":80},"end":{"line":42,"column":87}},"locations":[{"start":{"line":42,"column":80},"end":{"line":42,"column":87}}]},"20":{"type":"branch","line":44,"loc":{"start":{"line":44,"column":23},"end":{"line":46,"column":5}},"locations":[{"start":{"line":44,"column":23},"end":{"line":46,"column":5}}]},"21":{"type":"branch","line":47,"loc":{"start":{"line":47,"column":23},"end":{"line":49,"column":5}},"locations":[{"start":{"line":47,"column":23},"end":{"line":49,"column":5}}]},"22":{"type":"branch","line":49,"loc":{"start":{"line":49,"column":4},"end":{"line":51,"column":3}},"locations":[{"start":{"line":49,"column":4},"end":{"line":51,"column":3}}]}},"b":{"0":[2],"1":[12],"2":[7],"3":[1],"4":[11],"5":[2],"6":[9],"7":[2],"8":[7],"9":[3],"10":[4],"11":[3],"12":[1],"13":[10],"14":[5],"15":[9],"16":[1],"17":[7],"18":[9],"19":[1],"20":[0],"21":[7],"22":[3]},"fnMap":{"0":{"name":"getFormattedOutput","decl":{"start":{"line":4,"column":28},"end":{"line":15,"column":2}},"loc":{"start":{"line":4,"column":28},"end":{"line":15,"column":2}},"line":4},"1":{"name":"genDiff","decl":{"start":{"line":17,"column":16},"end":{"line":54,"column":2}},"loc":{"start":{"line":17,"column":16},"end":{"line":54,"column":2}},"line":17}},"f":{"0":2,"1":2}}
,"/home/shkrobadasha/frontend-project-46/src/parsers.js": {"path":"/home/shkrobadasha/frontend-project-46/src/parsers.js","all":false,"statementMap":{"0":{"start":{"line":1,"column":0},"end":{"line":1,"column":39}},"1":{"start":{"line":2,"column":0},"end":{"line":2,"column":0}},"2":{"start":{"line":3,"column":0},"end":{"line":3,"column":47}},"3":{"start":{"line":4,"column":0},"end":{"line":4,"column":32}},"4":{"start":{"line":5,"column":0},"end":{"line":5,"column":25}},"5":{"start":{"line":6,"column":0},"end":{"line":6,"column":29}},"6":{"start":{"line":7,"column":0},"end":{"line":7,"column":0}},"7":{"start":{"line":8,"column":0},"end":{"line":8,"column":38}},"8":{"start":{"line":9,"column":0},"end":{"line":9,"column":35}},"9":{"start":{"line":10,"column":0},"end":{"line":10,"column":42}},"10":{"start":{"line":11,"column":0},"end":{"line":11,"column":27}},"11":{"start":{"line":12,"column":0},"end":{"line":12,"column":51}},"12":{"start":{"line":13,"column":0},"end":{"line":13,"column":50}},"13":{"start":{"line":14,"column":0},"end":{"line":14,"column":58}},"14":{"start":{"line":15,"column":0},"end":{"line":15,"column":3}},"15":{"start":{"line":16,"column":0},"end":{"line":16,"column":2}},"16":{"start":{"line":17,"column":0},"end":{"line":17,"column":0}},"17":{"start":{"line":18,"column":0},"end":{"line":18,"column":25}},"18":{"start":{"line":19,"column":0},"end":{"line":19,"column":67}}},"s":{"0":1,"1":1,"2":1,"3":1,"4":1,"5":1,"6":1,"7":1,"8":1,"9":4,"10":4,"11":2,"12":4,"13":2,"14":2,"15":4,"16":1,"17":1,"18":1},"branchMap":{"0":{"type":"branch","line":9,"loc":{"start":{"line":9,"column":19},"end":{"line":16,"column":2}},"locations":[{"start":{"line":9,"column":19},"end":{"line":16,"column":2}}]},"1":{"type":"branch","line":11,"loc":{"start":{"line":11,"column":26},"end":{"line":13,"column":47}},"locations":[{"start":{"line":11,"column":26},"end":{"line":13,"column":47}}]},"2":{"type":"branch","line":13,"loc":{"start":{"line":13,"column":49},"end":{"line":15,"column":3}},"locations":[{"start":{"line":13,"column":49},"end":{"line":15,"column":3}}]}},"b":{"0":[4],"1":[2],"2":[2]},"fnMap":{"0":{"name":"letsParse","decl":{"start":{"line":9,"column":19},"end":{"line":16,"column":2}},"loc":{"start":{"line":9,"column":19},"end":{"line":16,"column":2}},"line":9}},"f":{"0":4}}
}
