TN:
SF:src/index.js
FN:4,getFormattedOutput
FN:17,genDiff
FNF:2
FNH:2
FNDA:2,getFormattedOutput
FNDA:2,genDiff
DA:1,1
DA:2,1
DA:3,1
DA:4,1
DA:5,2
DA:6,2
DA:7,12
DA:8,1
DA:9,12
DA:10,11
DA:11,11
DA:12,2
DA:13,2
DA:14,2
DA:15,2
DA:16,1
DA:17,1
DA:18,2
DA:19,2
DA:20,2
DA:21,2
DA:22,2
DA:23,2
DA:24,2
DA:25,2
DA:26,2
DA:27,9
DA:28,2
DA:29,9
DA:30,3
DA:31,7
DA:32,3
DA:33,3
DA:34,4
DA:35,1
DA:36,1
DA:37,2
DA:38,2
DA:39,2
DA:40,2
DA:41,10
DA:42,10
DA:43,10
DA:44,10
DA:45,0
DA:46,0
DA:47,10
DA:48,7
DA:49,7
DA:50,3
DA:51,2
DA:52,2
DA:53,2
DA:54,2
DA:55,1
DA:56,1
LF:56
LH:54
BRDA:4,0,0,2
BRDA:6,1,0,12
BRDA:7,2,0,7
BRDA:7,3,0,1
BRDA:9,4,0,11
BRDA:17,5,0,2
BRDA:26,6,0,9
BRDA:27,7,0,2
BRDA:29,8,0,7
BRDA:29,9,0,3
BRDA:31,10,0,4
BRDA:31,11,0,3
BRDA:34,12,0,1
BRDA:40,13,0,10
BRDA:41,14,0,5
BRDA:41,15,0,9
BRDA:41,16,0,1
BRDA:42,17,0,7
BRDA:42,18,0,9
BRDA:42,19,0,1
BRDA:44,20,0,0
BRDA:47,21,0,7
BRDA:49,22,0,3
BRF:23
BRH:22
end_of_record
TN:
SF:src/parsers.js
FN:9,letsParse
FNF:1
FNH:1
FNDA:4,letsParse
DA:1,1
DA:2,1
DA:3,1
DA:4,1
DA:5,1
DA:6,1
DA:7,1
DA:8,1
DA:9,1
DA:10,4
DA:11,4
DA:12,2
DA:13,4
DA:14,2
DA:15,2
DA:16,4
DA:17,1
DA:18,1
DA:19,1
LF:19
LH:19
BRDA:9,0,0,4
BRDA:11,1,0,2
BRDA:13,2,0,2
BRF:3
BRH:3
end_of_record
